已經開始建置於 2012/5/5 下午 04:31:52。
     1>節點 2 (build 目標) 上的專案 "c:\Users\dada\documents\visual studio 2010\Projects\SR_gpu\SR_gpu\SR_gpu.vcxproj"。
     1>InitializeBuildStatus:
         由於指定了 "AlwaysCreate"，因此正在建立 "x64\Debug\SR_gpu.unsuccessfulbuild"。
       ClCompile:
         C:\Program Files (x86)\Microsoft Visual Studio 10.0\VC\bin\x86_amd64\CL.exe /c /Zi /nologo /W3 /WX- /Od /D WIN32 /D _DEBUG /D _CONSOLE /D _UNICODE /D UNICODE /Gm /EHsc /RTC1 /MDd /GS /fp:precise /Zc:wchar_t /Zc:forScope /Fo"x64\Debug\\" /Fd"x64\Debug\vc100.pdb" /Gd /TP /errorReport:prompt SR.cpp
         SR.cpp
     1>c:\opencv_2_4_0\opencv\build\include\opencv2\flann\dist.h : warning C4819: 檔案含有無法在目前字碼頁 (950) 中表示的字元。請以 Unicode 格式儲存檔案以防止資料遺失
     1>c:\opencv_2_4_0\opencv\build\include\opencv2\flann\dist.h : warning C4819: 檔案含有無法在目前字碼頁 (950) 中表示的字元。請以 Unicode 格式儲存檔案以防止資料遺失
     1>c:\opencv_2_4_0\opencv\build\include\opencv2\flann\dist.h : warning C4819: 檔案含有無法在目前字碼頁 (950) 中表示的字元。請以 Unicode 格式儲存檔案以防止資料遺失
     1>c:\opencv_2_4_0\opencv\build\include\opencv2\flann\dist.h : warning C4819: 檔案含有無法在目前字碼頁 (950) 中表示的字元。請以 Unicode 格式儲存檔案以防止資料遺失
     1>C:\OpenCV_2_4_0\opencv\build\include\opencv2/legacy/compat.hpp : warning C4819: 檔案含有無法在目前字碼頁 (950) 中表示的字元。請以 Unicode 格式儲存檔案以防止資料遺失
       ManifestResourceCompile:
         所有輸出都是最新的。
       Link:
         C:\Program Files (x86)\Microsoft Visual Studio 10.0\VC\bin\x86_amd64\link.exe /ERRORREPORT:PROMPT /OUT:"c:\users\dada\documents\visual studio 2010\Projects\SR_gpu\x64\Debug\SR_gpu.exe" /INCREMENTAL /NOLOGO /LIBPATH:C:\OpenCV_2_4_0\opencv\build\x64\vc10\lib opencv_core240d.lib opencv_calib3d240d.lib opencv_contrib240d.lib opencv_features2d240d.lib opencv_highgui240d.lib opencv_imgproc240d.lib kernel32.lib user32.lib gdi32.lib winspool.lib comdlg32.lib advapi32.lib shell32.lib ole32.lib oleaut32.lib uuid.lib odbc32.lib odbccp32.lib /MANIFEST /ManifestFile:"x64\Debug\SR_gpu.exe.intermediate.manifest" /MANIFESTUAC:"level='asInvoker' uiAccess='false'" /DEBUG /PDB:"c:\users\dada\documents\visual studio 2010\Projects\SR_gpu\x64\Debug\SR_gpu.pdb" /SUBSYSTEM:CONSOLE /TLBID:1 /DYNAMICBASE /NXCOMPAT /IMPLIB:"c:\users\dada\documents\visual studio 2010\Projects\SR_gpu\x64\Debug\SR_gpu.lib" /MACHINE:X64 x64\Debug\SR_gpu.exe.embed.manifest.res
         x64\Debug\SR.obj
         SR_gpu.vcxproj -> c:\users\dada\documents\visual studio 2010\Projects\SR_gpu\x64\Debug\SR_gpu.exe
       Manifest:
         C:\Program Files (x86)\Microsoft SDKs\Windows\v7.0A\bin\mt.exe /nologo /verbose /out:"x64\Debug\SR_gpu.exe.embed.manifest" /manifest x64\Debug\SR_gpu.exe.intermediate.manifest
         所有輸出都是最新的。
       LinkEmbedManifest:
         所有輸出都是最新的。
         SR_gpu.vcxproj -> c:\users\dada\documents\visual studio 2010\Projects\SR_gpu\x64\Debug\SR_gpu.exe
       FinalizeBuildStatus:
         正在刪除檔案 "x64\Debug\SR_gpu.unsuccessfulbuild"。
         正在變更時間戳記 "x64\Debug\SR_gpu.lastbuildstate"。
     1>專案 "c:\Users\dada\documents\visual studio 2010\Projects\SR_gpu\SR_gpu\SR_gpu.vcxproj" (build 目標) 建置完成。

建置成功。

經過時間 00:00:02.83
